# JRE version: OpenJDK Runtime Environment (8.0_292-b10) (build 1.8.0_292-8u292-b10-0ubuntu1~16.04.1-b10)
# Java VM: OpenJDK 64-Bit Server VM (25.292-b10 mixed mode linux-amd64 compressed oops)
Heap:
 PSYoungGen      total 216064K, used 18945K [0x00000000eb900000, 0x00000000fa500000, 0x0000000100000000)
  eden space 194048K, 0% used [0x00000000eb900000,0x00000000eb900000,0x00000000f7680000)
  from space 22016K, 86% used [0x00000000f7680000,0x00000000f8900680,0x00000000f8c00000)
  to   space 18432K, 0% used [0x00000000f8c00000,0x00000000f8c00000,0x00000000f9e00000)
 ParOldGen       total 42496K, used 31795K [0x00000000c2a00000, 0x00000000c5380000, 0x00000000eb900000)
  object space 42496K, 74% used [0x00000000c2a00000,0x00000000c490cff8,0x00000000c5380000)
 Metaspace       used 20611K, capacity 21096K, committed 21248K, reserved 1069056K
  class space    used 2378K, capacity 2511K, committed 2560K, reserved 1048576K
GC Heap History (10 events):
Event: 2.083 GC heap after
Heap after GC invocations=6 (full 0):
 PSYoungGen      total 68608K, used 5613K [0x00000000eb900000, 0x00000000f0300000, 0x0000000100000000)
  eden space 62976K, 0% used [0x00000000eb900000,0x00000000eb900000,0x00000000ef680000)
  from space 5632K, 99% used [0x00000000efc80000,0x00000000f01fb760,0x00000000f0200000)
  to   space 6144K, 0% used [0x00000000ef680000,0x00000000ef680000,0x00000000efc80000)
 ParOldGen       total 42496K, used 9514K [0x00000000c2a00000, 0x00000000c5380000, 0x00000000eb900000)
  object space 42496K, 22% used [0x00000000c2a00000,0x00000000c334a9f0,0x00000000c5380000)
 Metaspace       used 15741K, capacity 16170K, committed 16512K, reserved 1064960K
  class space    used 1738K, capacity 1854K, committed 1920K, reserved 1048576K
}
Event: 2.364 GC heap before
{Heap before GC invocations=7 (full 0):
 PSYoungGen      total 68608K, used 68589K [0x00000000eb900000, 0x00000000f0300000, 0x0000000100000000)
  eden space 62976K, 100% used [0x00000000eb900000,0x00000000ef680000,0x00000000ef680000)
  from space 5632K, 99% used [0x00000000efc80000,0x00000000f01fb760,0x00000000f0200000)
  to   space 6144K, 0% used [0x00000000ef680000,0x00000000ef680000,0x00000000efc80000)
 ParOldGen       total 42496K, used 9514K [0x00000000c2a00000, 0x00000000c5380000, 0x00000000eb900000)
  object space 42496K, 22% used [0x00000000c2a00000,0x00000000c334a9f0,0x00000000c5380000)
 Metaspace       used 15785K, capacity 16170K, committed 16512K, reserved 1064960K
  class space    used 1738K, capacity 1854K, committed 1920K, reserved 1048576K
Event: 2.385 GC heap after
Heap after GC invocations=7 (full 0):
 PSYoungGen      total 69120K, used 6118K [0x00000000eb900000, 0x00000000f4700000, 0x0000000100000000)
  eden space 62976K, 0% used [0x00000000eb900000,0x00000000eb900000,0x00000000ef680000)
  from space 6144K, 99% used [0x00000000ef680000,0x00000000efc79af0,0x00000000efc80000)
  to   space 9728K, 0% used [0x00000000f3d80000,0x00000000f3d80000,0x00000000f4700000)
 ParOldGen       total 42496K, used 15752K [0x00000000c2a00000, 0x00000000c5380000, 0x00000000eb900000)
  object space 42496K, 37% used [0x00000000c2a00000,0x00000000c3962128,0x00000000c5380000)
 Metaspace       used 15785K, capacity 16170K, committed 16512K, reserved 1064960K
  class space    used 1738K, capacity 1854K, committed 1920K, reserved 1048576K
}
Event: 2.555 GC heap before
{Heap before GC invocations=8 (full 0):
 PSYoungGen      total 69120K, used 69094K [0x00000000eb900000, 0x00000000f4700000, 0x0000000100000000)
  eden space 62976K, 100% used [0x00000000eb900000,0x00000000ef680000,0x00000000ef680000)
  from space 6144K, 99% used [0x00000000ef680000,0x00000000efc79af0,0x00000000efc80000)
  to   space 9728K, 0% used [0x00000000f3d80000,0x00000000f3d80000,0x00000000f4700000)
 ParOldGen       total 42496K, used 15752K [0x00000000c2a00000, 0x00000000c5380000, 0x00000000eb900000)
  object space 42496K, 37% used [0x00000000c2a00000,0x00000000c3962128,0x00000000c5380000)
 Metaspace       used 15816K, capacity 16234K, committed 16512K, reserved 1064960K
  class space    used 1738K, capacity 1854K, committed 1920K, reserved 1048576K
Event: 2.567 GC heap after
Heap after GC invocations=8 (full 0):
 PSYoungGen      total 133120K, used 9705K [0x00000000eb900000, 0x00000000f4c00000, 0x0000000100000000)
  eden space 123392K, 0% used [0x00000000eb900000,0x00000000eb900000,0x00000000f3180000)
  from space 9728K, 99% used [0x00000000f3d80000,0x00000000f46fa550,0x00000000f4700000)
  to   space 12288K, 0% used [0x00000000f3180000,0x00000000f3180000,0x00000000f3d80000)
 ParOldGen       total 42496K, used 18854K [0x00000000c2a00000, 0x00000000c5380000, 0x00000000eb900000)
  object space 42496K, 44% used [0x00000000c2a00000,0x00000000c3c69968,0x00000000c5380000)
 Metaspace       used 15816K, capacity 16234K, committed 16512K, reserved 1064960K
  class space    used 1738K, capacity 1854K, committed 1920K, reserved 1048576K
}
Event: 3.051 GC heap before
{Heap before GC invocations=9 (full 0):
 PSYoungGen      total 133120K, used 133097K [0x00000000eb900000, 0x00000000f4c00000, 0x0000000100000000)
  eden space 123392K, 100% used [0x00000000eb900000,0x00000000f3180000,0x00000000f3180000)
  from space 9728K, 99% used [0x00000000f3d80000,0x00000000f46fa550,0x00000000f4700000)
  to   space 12288K, 0% used [0x00000000f3180000,0x00000000f3180000,0x00000000f3d80000)
 ParOldGen       total 42496K, used 18854K [0x00000000c2a00000, 0x00000000c5380000, 0x00000000eb900000)
  object space 42496K, 44% used [0x00000000c2a00000,0x00000000c3c69968,0x00000000c5380000)
 Metaspace       used 15843K, capacity 16234K, committed 16512K, reserved 1064960K
  class space    used 1738K, capacity 1854K, committed 1920K, reserved 1048576K
Event: 3.072 GC heap after
Heap after GC invocations=9 (full 0):
 PSYoungGen      total 135680K, used 12285K [0x00000000eb900000, 0x00000000f9e00000, 0x0000000100000000)
  eden space 123392K, 0% used [0x00000000eb900000,0x00000000eb900000,0x00000000f3180000)
  from space 12288K, 99% used [0x00000000f3180000,0x00000000f3d7f7e8,0x00000000f3d80000)
  to   space 18432K, 0% used [0x00000000f8c00000,0x00000000f8c00000,0x00000000f9e00000)
 ParOldGen       total 42496K, used 28985K [0x00000000c2a00000, 0x00000000c5380000, 0x00000000eb900000)
  object space 42496K, 68% used [0x00000000c2a00000,0x00000000c464e748,0x00000000c5380000)
 Metaspace       used 15843K, capacity 16234K, committed 16512K, reserved 1064960K
  class space    used 1738K, capacity 1854K, committed 1920K, reserved 1048576K
}
Event: 3.494 GC heap before
{Heap before GC invocations=10 (full 0):
 PSYoungGen      total 135680K, used 135677K [0x00000000eb900000, 0x00000000f9e00000, 0x0000000100000000)
  eden space 123392K, 100% used [0x00000000eb900000,0x00000000f3180000,0x00000000f3180000)
  from space 12288K, 99% used [0x00000000f3180000,0x00000000f3d7f7e8,0x00000000f3d80000)
  to   space 18432K, 0% used [0x00000000f8c00000,0x00000000f8c00000,0x00000000f9e00000)
 ParOldGen       total 42496K, used 28985K [0x00000000c2a00000, 0x00000000c5380000, 0x00000000eb900000)
  object space 42496K, 68% used [0x00000000c2a00000,0x00000000c464e748,0x00000000c5380000)
 Metaspace       used 15844K, capacity 16234K, committed 16512K, reserved 1064960K
  class space    used 1738K, capacity 1854K, committed 1920K, reserved 1048576K
Event: 3.517 GC heap after
Heap after GC invocations=10 (full 0):
 PSYoungGen      total 212480K, used 18417K [0x00000000eb900000, 0x00000000fa500000, 0x0000000100000000)
  eden space 194048K, 0% used [0x00000000eb900000,0x00000000eb900000,0x00000000f7680000)
  from space 18432K, 99% used [0x00000000f8c00000,0x00000000f9dfc770,0x00000000f9e00000)
  to   space 22016K, 0% used [0x00000000f7680000,0x00000000f7680000,0x00000000f8c00000)
 ParOldGen       total 42496K, used 31283K [0x00000000c2a00000, 0x00000000c5380000, 0x00000000eb900000)
  object space 42496K, 73% used [0x00000000c2a00000,0x00000000c488cff8,0x00000000c5380000)
 Metaspace       used 15844K, capacity 16234K, committed 16512K, reserved 1064960K
  class space    used 1738K, capacity 1854K, committed 1920K, reserved 1048576K
}
Event: 4.371 GC heap before
{Heap before GC invocations=11 (full 0):
 PSYoungGen      total 212480K, used 158016K [0x00000000eb900000, 0x00000000fa500000, 0x0000000100000000)
  eden space 194048K, 71% used [0x00000000eb900000,0x00000000f4153928,0x00000000f7680000)
  from space 18432K, 99% used [0x00000000f8c00000,0x00000000f9dfc770,0x00000000f9e00000)
  to   space 22016K, 0% used [0x00000000f7680000,0x00000000f7680000,0x00000000f8c00000)
 ParOldGen       total 42496K, used 31283K [0x00000000c2a00000, 0x00000000c5380000, 0x00000000eb900000)
  object space 42496K, 73% used [0x00000000c2a00000,0x00000000c488cff8,0x00000000c5380000)
 Metaspace       used 20611K, capacity 21096K, committed 21248K, reserved 1069056K
  class space    used 2378K, capacity 2511K, committed 2560K, reserved 1048576K

