# JRE version: OpenJDK Runtime Environment (8.0_292-b10) (build 1.8.0_292-8u292-b10-0ubuntu1~16.04.1-b10)
# Java VM: OpenJDK 64-Bit Server VM (25.292-b10 mixed mode linux-amd64 compressed oops)
Heap:
 PSYoungGen      total 270848K, used 0K [0x00000000eb900000, 0x0000000100000000, 0x0000000100000000)
  eden space 245248K, 0% used [0x00000000eb900000,0x00000000eb900000,0x00000000fa880000)
  from space 25600K, 0% used [0x00000000fa880000,0x00000000fa880000,0x00000000fc180000)
  to   space 37376K, 0% used [0x00000000fdb80000,0x00000000fdb80000,0x0000000100000000)
 ParOldGen       total 57344K, used 56442K [0x00000000c2a00000, 0x00000000c6200000, 0x00000000eb900000)
  object space 57344K, 98% used [0x00000000c2a00000,0x00000000c611e800,0x00000000c6200000)
 Metaspace       used 35295K, capacity 36416K, committed 36568K, reserved 1081344K
  class space    used 4232K, capacity 4465K, committed 4480K, reserved 1048576K
GC Heap History (10 events):
Event: 202.271 GC heap after
Heap after GC invocations=23 (full 2):
 PSYoungGen      total 262144K, used 384K [0x00000000eb900000, 0x00000000fe880000, 0x0000000100000000)
  eden space 261632K, 0% used [0x00000000eb900000,0x00000000eb900000,0x00000000fb880000)
  from space 512K, 75% used [0x00000000fc480000,0x00000000fc4e0000,0x00000000fc500000)
  to   space 20992K, 0% used [0x00000000fd400000,0x00000000fd400000,0x00000000fe880000)
 ParOldGen       total 57344K, used 21938K [0x00000000c2a00000, 0x00000000c6200000, 0x00000000eb900000)
  object space 57344K, 38% used [0x00000000c2a00000,0x00000000c3f6c8e0,0x00000000c6200000)
 Metaspace       used 35082K, capacity 36198K, committed 36312K, reserved 1081344K
  class space    used 4216K, capacity 4461K, committed 4480K, reserved 1048576K
}
Event: 222.892 GC heap before
{Heap before GC invocations=24 (full 2):
 PSYoungGen      total 262144K, used 262016K [0x00000000eb900000, 0x00000000fe880000, 0x0000000100000000)
  eden space 261632K, 100% used [0x00000000eb900000,0x00000000fb880000,0x00000000fb880000)
  from space 512K, 75% used [0x00000000fc480000,0x00000000fc4e0000,0x00000000fc500000)
  to   space 20992K, 0% used [0x00000000fd400000,0x00000000fd400000,0x00000000fe880000)
 ParOldGen       total 57344K, used 21938K [0x00000000c2a00000, 0x00000000c6200000, 0x00000000eb900000)
  object space 57344K, 38% used [0x00000000c2a00000,0x00000000c3f6c8e0,0x00000000c6200000)
 Metaspace       used 35104K, capacity 36198K, committed 36312K, reserved 1081344K
  class space    used 4216K, capacity 4461K, committed 4480K, reserved 1048576K
Event: 222.894 GC heap after
Heap after GC invocations=24 (full 2):
 PSYoungGen      total 250880K, used 384K [0x00000000eb900000, 0x00000000fd500000, 0x0000000100000000)
  eden space 249856K, 0% used [0x00000000eb900000,0x00000000eb900000,0x00000000fad00000)
  from space 1024K, 37% used [0x00000000fd400000,0x00000000fd460000,0x00000000fd500000)
  to   space 20480K, 0% used [0x00000000fad00000,0x00000000fad00000,0x00000000fc100000)
 ParOldGen       total 57344K, used 21946K [0x00000000c2a00000, 0x00000000c6200000, 0x00000000eb900000)
  object space 57344K, 38% used [0x00000000c2a00000,0x00000000c3f6e8e0,0x00000000c6200000)
 Metaspace       used 35104K, capacity 36198K, committed 36312K, reserved 1081344K
  class space    used 4216K, capacity 4461K, committed 4480K, reserved 1048576K
}
Event: 257.862 GC heap before
{Heap before GC invocations=25 (full 2):
 PSYoungGen      total 250880K, used 250240K [0x00000000eb900000, 0x00000000fd500000, 0x0000000100000000)
  eden space 249856K, 100% used [0x00000000eb900000,0x00000000fad00000,0x00000000fad00000)
  from space 1024K, 37% used [0x00000000fd400000,0x00000000fd460000,0x00000000fd500000)
  to   space 20480K, 0% used [0x00000000fad00000,0x00000000fad00000,0x00000000fc100000)
 ParOldGen       total 57344K, used 21946K [0x00000000c2a00000, 0x00000000c6200000, 0x00000000eb900000)
  object space 57344K, 38% used [0x00000000c2a00000,0x00000000c3f6e8e0,0x00000000c6200000)
 Metaspace       used 35115K, capacity 36198K, committed 36312K, reserved 1081344K
  class space    used 4216K, capacity 4461K, committed 4480K, reserved 1048576K
Event: 257.905 GC heap after
Heap after GC invocations=25 (full 2):
 PSYoungGen      total 259584K, used 416K [0x00000000eb900000, 0x00000000fd480000, 0x0000000100000000)
  eden space 239104K, 0% used [0x00000000eb900000,0x00000000eb900000,0x00000000fa280000)
  from space 20480K, 2% used [0x00000000fad00000,0x00000000fad68000,0x00000000fc100000)
  to   space 19456K, 0% used [0x00000000fc180000,0x00000000fc180000,0x00000000fd480000)
 ParOldGen       total 57344K, used 21946K [0x00000000c2a00000, 0x00000000c6200000, 0x00000000eb900000)
  object space 57344K, 38% used [0x00000000c2a00000,0x00000000c3f6e8e0,0x00000000c6200000)
 Metaspace       used 35115K, capacity 36198K, committed 36312K, reserved 1081344K
  class space    used 4216K, capacity 4461K, committed 4480K, reserved 1048576K
}
Event: 259.946 GC heap before
{Heap before GC invocations=26 (full 2):
 PSYoungGen      total 259584K, used 239520K [0x00000000eb900000, 0x00000000fd480000, 0x0000000100000000)
  eden space 239104K, 100% used [0x00000000eb900000,0x00000000fa280000,0x00000000fa280000)
  from space 20480K, 2% used [0x00000000fad00000,0x00000000fad68000,0x00000000fc100000)
  to   space 19456K, 0% used [0x00000000fc180000,0x00000000fc180000,0x00000000fd480000)
 ParOldGen       total 57344K, used 21946K [0x00000000c2a00000, 0x00000000c6200000, 0x00000000eb900000)
  object space 57344K, 38% used [0x00000000c2a00000,0x00000000c3f6e8e0,0x00000000c6200000)
 Metaspace       used 35301K, capacity 36426K, committed 36568K, reserved 1081344K
  class space    used 4233K, capacity 4467K, committed 4480K, reserved 1048576K
Event: 260.081 GC heap after
Heap after GC invocations=26 (full 2):
 PSYoungGen      total 264704K, used 19450K [0x00000000eb900000, 0x0000000100000000, 0x0000000100000000)
  eden space 245248K, 0% used [0x00000000eb900000,0x00000000eb900000,0x00000000fa880000)
  from space 19456K, 99% used [0x00000000fc180000,0x00000000fd47e878,0x00000000fd480000)
  to   space 25600K, 0% used [0x00000000fa880000,0x00000000fa880000,0x00000000fc180000)
 ParOldGen       total 57344K, used 27608K [0x00000000c2a00000, 0x00000000c6200000, 0x00000000eb900000)
  object space 57344K, 48% used [0x00000000c2a00000,0x00000000c44f6338,0x00000000c6200000)
 Metaspace       used 35301K, capacity 36426K, committed 36568K, reserved 1081344K
  class space    used 4233K, capacity 4467K, committed 4480K, reserved 1048576K
}
Event: 261.155 GC heap before
{Heap before GC invocations=27 (full 2):
 PSYoungGen      total 264704K, used 264698K [0x00000000eb900000, 0x0000000100000000, 0x0000000100000000)
  eden space 245248K, 100% used [0x00000000eb900000,0x00000000fa880000,0x00000000fa880000)
  from space 19456K, 99% used [0x00000000fc180000,0x00000000fd47e878,0x00000000fd480000)
  to   space 25600K, 0% used [0x00000000fa880000,0x00000000fa880000,0x00000000fc180000)
 ParOldGen       total 57344K, used 27608K [0x00000000c2a00000, 0x00000000c6200000, 0x00000000eb900000)
  object space 57344K, 48% used [0x00000000c2a00000,0x00000000c44f6338,0x00000000c6200000)
 Metaspace       used 35302K, capacity 36426K, committed 36568K, reserved 1081344K
  class space    used 4233K, capacity 4467K, committed 4480K, reserved 1048576K
Event: 261.257 GC heap after
Heap after GC invocations=27 (full 2):
 PSYoungGen      total 270848K, used 25575K [0x00000000eb900000, 0x0000000100000000, 0x0000000100000000)
  eden space 245248K, 0% used [0x00000000eb900000,0x00000000eb900000,0x00000000fa880000)
  from space 25600K, 99% used [0x00000000fa880000,0x00000000fc179e68,0x00000000fc180000)
  to   space 37376K, 0% used [0x00000000fdb80000,0x00000000fdb80000,0x0000000100000000)
 ParOldGen       total 57344K, used 44717K [0x00000000c2a00000, 0x00000000c6200000, 0x00000000eb900000)
  object space 57344K, 77% used [0x00000000c2a00000,0x00000000c55ab618,0x00000000c6200000)
 Metaspace       used 35302K, capacity 36426K, committed 36568K, reserved 1081344K
  class space    used 4233K, capacity 4467K, committed 4480K, reserved 1048576K
}
Event: 261.258 GC heap before
{Heap before GC invocations=28 (full 3):
 PSYoungGen      total 270848K, used 25575K [0x00000000eb900000, 0x0000000100000000, 0x0000000100000000)
  eden space 245248K, 0% used [0x00000000eb900000,0x00000000eb900000,0x00000000fa880000)
  from space 25600K, 99% used [0x00000000fa880000,0x00000000fc179e68,0x00000000fc180000)
  to   space 37376K, 0% used [0x00000000fdb80000,0x00000000fdb80000,0x0000000100000000)
 ParOldGen       total 57344K, used 44717K [0x00000000c2a00000, 0x00000000c6200000, 0x00000000eb900000)
  object space 57344K, 77% used [0x00000000c2a00000,0x00000000c55ab618,0x00000000c6200000)
 Metaspace       used 35302K, capacity 36426K, committed 36568K, reserved 1081344K
  class space    used 4233K, capacity 4467K, committed 4480K, reserved 1048576K

