# JRE version: OpenJDK Runtime Environment (8.0_292-b10) (build 1.8.0_292-8u292-b10-0ubuntu1~16.04.1-b10)
# Java VM: OpenJDK 64-Bit Server VM (25.292-b10 mixed mode linux-amd64 compressed oops)
Heap:
 PSYoungGen      total 213504K, used 20442K [0x00000000eb900000, 0x00000000fa280000, 0x0000000100000000)
  eden space 192000K, 0% used [0x00000000eb900000,0x00000000eb900000,0x00000000f7480000)
  from space 21504K, 95% used [0x00000000f7480000,0x00000000f8876ac0,0x00000000f8980000)
  to   space 17408K, 0% used [0x00000000f8980000,0x00000000f8980000,0x00000000f9a80000)
 ParOldGen       total 42496K, used 31510K [0x00000000c2a00000, 0x00000000c5380000, 0x00000000eb900000)
  object space 42496K, 74% used [0x00000000c2a00000,0x00000000c48c5898,0x00000000c5380000)
 Metaspace       used 20607K, capacity 21096K, committed 21248K, reserved 1069056K
  class space    used 2383K, capacity 2511K, committed 2560K, reserved 1048576K
GC Heap History (10 events):
Event: 5.005 GC heap after
Heap after GC invocations=6 (full 0):
 PSYoungGen      total 67584K, used 5116K [0x00000000eb900000, 0x00000000f0300000, 0x0000000100000000)
  eden space 62464K, 0% used [0x00000000eb900000,0x00000000eb900000,0x00000000ef600000)
  from space 5120K, 99% used [0x00000000efc00000,0x00000000f00ff2d0,0x00000000f0100000)
  to   space 6144K, 0% used [0x00000000ef600000,0x00000000ef600000,0x00000000efc00000)
 ParOldGen       total 42496K, used 10038K [0x00000000c2a00000, 0x00000000c5380000, 0x00000000eb900000)
  object space 42496K, 23% used [0x00000000c2a00000,0x00000000c33cd830,0x00000000c5380000)
 Metaspace       used 15749K, capacity 16170K, committed 16512K, reserved 1064960K
  class space    used 1738K, capacity 1854K, committed 1920K, reserved 1048576K
}
Event: 5.739 GC heap before
{Heap before GC invocations=7 (full 0):
 PSYoungGen      total 67584K, used 67580K [0x00000000eb900000, 0x00000000f0300000, 0x0000000100000000)
  eden space 62464K, 100% used [0x00000000eb900000,0x00000000ef600000,0x00000000ef600000)
  from space 5120K, 99% used [0x00000000efc00000,0x00000000f00ff2d0,0x00000000f0100000)
  to   space 6144K, 0% used [0x00000000ef600000,0x00000000ef600000,0x00000000efc00000)
 ParOldGen       total 42496K, used 10038K [0x00000000c2a00000, 0x00000000c5380000, 0x00000000eb900000)
  object space 42496K, 23% used [0x00000000c2a00000,0x00000000c33cd830,0x00000000c5380000)
 Metaspace       used 15802K, capacity 16170K, committed 16512K, reserved 1064960K
  class space    used 1738K, capacity 1854K, committed 1920K, reserved 1048576K
Event: 5.787 GC heap after
Heap after GC invocations=7 (full 0):
 PSYoungGen      total 68608K, used 6112K [0x00000000eb900000, 0x00000000f4700000, 0x0000000100000000)
  eden space 62464K, 0% used [0x00000000eb900000,0x00000000eb900000,0x00000000ef600000)
  from space 6144K, 99% used [0x00000000ef600000,0x00000000efbf8360,0x00000000efc00000)
  to   space 10240K, 0% used [0x00000000f3d00000,0x00000000f3d00000,0x00000000f4700000)
 ParOldGen       total 42496K, used 17079K [0x00000000c2a00000, 0x00000000c5380000, 0x00000000eb900000)
  object space 42496K, 40% used [0x00000000c2a00000,0x00000000c3aadcd8,0x00000000c5380000)
 Metaspace       used 15802K, capacity 16170K, committed 16512K, reserved 1064960K
  class space    used 1738K, capacity 1854K, committed 1920K, reserved 1048576K
}
Event: 6.269 GC heap before
{Heap before GC invocations=8 (full 0):
 PSYoungGen      total 68608K, used 68576K [0x00000000eb900000, 0x00000000f4700000, 0x0000000100000000)
  eden space 62464K, 100% used [0x00000000eb900000,0x00000000ef600000,0x00000000ef600000)
  from space 6144K, 99% used [0x00000000ef600000,0x00000000efbf8360,0x00000000efc00000)
  to   space 10240K, 0% used [0x00000000f3d00000,0x00000000f3d00000,0x00000000f4700000)
 ParOldGen       total 42496K, used 17079K [0x00000000c2a00000, 0x00000000c5380000, 0x00000000eb900000)
  object space 42496K, 40% used [0x00000000c2a00000,0x00000000c3aadcd8,0x00000000c5380000)
 Metaspace       used 15828K, capacity 16234K, committed 16512K, reserved 1064960K
  class space    used 1738K, capacity 1854K, committed 1920K, reserved 1048576K
Event: 6.307 GC heap after
Heap after GC invocations=8 (full 0):
 PSYoungGen      total 132608K, used 10238K [0x00000000eb900000, 0x00000000f4c00000, 0x0000000100000000)
  eden space 122368K, 0% used [0x00000000eb900000,0x00000000eb900000,0x00000000f3080000)
  from space 10240K, 99% used [0x00000000f3d00000,0x00000000f46ffb18,0x00000000f4700000)
  to   space 12800K, 0% used [0x00000000f3080000,0x00000000f3080000,0x00000000f3d00000)
 ParOldGen       total 42496K, used 19992K [0x00000000c2a00000, 0x00000000c5380000, 0x00000000eb900000)
  object space 42496K, 47% used [0x00000000c2a00000,0x00000000c3d86340,0x00000000c5380000)
 Metaspace       used 15828K, capacity 16234K, committed 16512K, reserved 1064960K
  class space    used 1738K, capacity 1854K, committed 1920K, reserved 1048576K
}
Event: 7.864 GC heap before
{Heap before GC invocations=9 (full 0):
 PSYoungGen      total 132608K, used 132606K [0x00000000eb900000, 0x00000000f4c00000, 0x0000000100000000)
  eden space 122368K, 100% used [0x00000000eb900000,0x00000000f3080000,0x00000000f3080000)
  from space 10240K, 99% used [0x00000000f3d00000,0x00000000f46ffb18,0x00000000f4700000)
  to   space 12800K, 0% used [0x00000000f3080000,0x00000000f3080000,0x00000000f3d00000)
 ParOldGen       total 42496K, used 19992K [0x00000000c2a00000, 0x00000000c5380000, 0x00000000eb900000)
  object space 42496K, 47% used [0x00000000c2a00000,0x00000000c3d86340,0x00000000c5380000)
 Metaspace       used 15834K, capacity 16234K, committed 16512K, reserved 1064960K
  class space    used 1738K, capacity 1854K, committed 1920K, reserved 1048576K
Event: 7.963 GC heap after
Heap after GC invocations=9 (full 0):
 PSYoungGen      total 135168K, used 12793K [0x00000000eb900000, 0x00000000f9a80000, 0x0000000100000000)
  eden space 122368K, 0% used [0x00000000eb900000,0x00000000eb900000,0x00000000f3080000)
  from space 12800K, 99% used [0x00000000f3080000,0x00000000f3cfe608,0x00000000f3d00000)
  to   space 17408K, 0% used [0x00000000f8980000,0x00000000f8980000,0x00000000f9a80000)
 ParOldGen       total 42496K, used 27041K [0x00000000c2a00000, 0x00000000c5380000, 0x00000000eb900000)
  object space 42496K, 63% used [0x00000000c2a00000,0x00000000c4468480,0x00000000c5380000)
 Metaspace       used 15834K, capacity 16234K, committed 16512K, reserved 1064960K
  class space    used 1738K, capacity 1854K, committed 1920K, reserved 1048576K
}
Event: 9.427 GC heap before
{Heap before GC invocations=10 (full 0):
 PSYoungGen      total 135168K, used 135161K [0x00000000eb900000, 0x00000000f9a80000, 0x0000000100000000)
  eden space 122368K, 100% used [0x00000000eb900000,0x00000000f3080000,0x00000000f3080000)
  from space 12800K, 99% used [0x00000000f3080000,0x00000000f3cfe608,0x00000000f3d00000)
  to   space 17408K, 0% used [0x00000000f8980000,0x00000000f8980000,0x00000000f9a80000)
 ParOldGen       total 42496K, used 27041K [0x00000000c2a00000, 0x00000000c5380000, 0x00000000eb900000)
  object space 42496K, 63% used [0x00000000c2a00000,0x00000000c4468480,0x00000000c5380000)
 Metaspace       used 15842K, capacity 16234K, committed 16512K, reserved 1064960K
  class space    used 1738K, capacity 1854K, committed 1920K, reserved 1048576K
Event: 9.498 GC heap after
Heap after GC invocations=10 (full 0):
 PSYoungGen      total 209408K, used 17407K [0x00000000eb900000, 0x00000000fa280000, 0x0000000100000000)
  eden space 192000K, 0% used [0x00000000eb900000,0x00000000eb900000,0x00000000f7480000)
  from space 17408K, 99% used [0x00000000f8980000,0x00000000f9a7fd18,0x00000000f9a80000)
  to   space 21504K, 0% used [0x00000000f7480000,0x00000000f7480000,0x00000000f8980000)
 ParOldGen       total 42496K, used 30998K [0x00000000c2a00000, 0x00000000c5380000, 0x00000000eb900000)
  object space 42496K, 72% used [0x00000000c2a00000,0x00000000c4845898,0x00000000c5380000)
 Metaspace       used 15842K, capacity 16234K, committed 16512K, reserved 1064960K
  class space    used 1738K, capacity 1854K, committed 1920K, reserved 1048576K
}
Event: 12.840 GC heap before
{Heap before GC invocations=11 (full 0):
 PSYoungGen      total 209408K, used 170989K [0x00000000eb900000, 0x00000000fa280000, 0x0000000100000000)
  eden space 192000K, 79% used [0x00000000eb900000,0x00000000f4efb7e8,0x00000000f7480000)
  from space 17408K, 99% used [0x00000000f8980000,0x00000000f9a7fd18,0x00000000f9a80000)
  to   space 21504K, 0% used [0x00000000f7480000,0x00000000f7480000,0x00000000f8980000)
 ParOldGen       total 42496K, used 30998K [0x00000000c2a00000, 0x00000000c5380000, 0x00000000eb900000)
  object space 42496K, 72% used [0x00000000c2a00000,0x00000000c4845898,0x00000000c5380000)
 Metaspace       used 20607K, capacity 21096K, committed 21248K, reserved 1069056K
  class space    used 2383K, capacity 2511K, committed 2560K, reserved 1048576K

